<?xml version="1.0" encoding="UTF-8"?>
<testng-results ignored="0" total="1" passed="1" failed="0" skipped="0">
  <reporter-output>
  </reporter-output>
  <suite started-at="2025-03-17T12:13:08 IST" name="Default suite" finished-at="2025-03-17T12:14:10 IST" duration-ms="62187">
    <groups>
    </groups>
    <test started-at="2025-03-17T12:13:08 IST" name="Default test" finished-at="2025-03-17T12:14:10 IST" duration-ms="62187">
      <class name="cryptonewz.SubmitPR">
        <test-method signature="invalid_PRname_num()[pri:4, instance:cryptonewz.SubmitPR@4a7f959b]" started-at="2025-03-17T12:13:08 IST" name="invalid_PRname_num" finished-at="2025-03-17T12:14:10 IST" duration-ms="62159" status="PASS">
          <reporter-output>
          </reporter-output>
        </test-method> <!-- invalid_PRname_num -->
      </class> <!-- cryptonewz.SubmitPR -->
    </test> <!-- Default test -->
  </suite> <!-- Default suite -->
</testng-results>
